<?xml version="1.0" encoding="UTF-8"?>
<testng-results ignored="0" total="1" passed="1" failed="0" skipped="0">
  <reporter-output>
  </reporter-output>
  <suite started-at="2023-12-18T18:26:25 IST" name="Default suite" finished-at="2023-12-18T18:26:28 IST" duration-ms="3462">
    <groups>
    </groups>
    <test started-at="2023-12-18T18:26:25 IST" name="Default test" finished-at="2023-12-18T18:26:28 IST" duration-ms="3462">
      <class name="ComplexCourseApiCalculations">
        <test-method signature="CourseAPIoperns()[pri:0, instance:ComplexCourseApiCalculations@ffaa6af]" started-at="2023-12-18T18:26:25 IST" name="CourseAPIoperns" finished-at="2023-12-18T18:26:28 IST" duration-ms="3304" status="PASS">
          <reporter-output>
          </reporter-output>
        </test-method> <!-- CourseAPIoperns -->
      </class> <!-- ComplexCourseApiCalculations -->
    </test> <!-- Default test -->
  </suite> <!-- Default suite -->
</testng-results>
